<?xml version="1.0" encoding="UTF-8"?>
<testsuite name="com.playground.observability.translator.DictionaryTest" tests="1" skipped="0" failures="0" errors="0" timestamp="2020-04-15T17:44:14" hostname="PML-1800.local" time="0.011">
  <properties/>
  <testcase name="testTranslateTo()" classname="com.playground.observability.translator.DictionaryTest" time="0.011"/>
  <system-out><![CDATA[]]></system-out>
  <system-err><![CDATA[]]></system-err>
</testsuite>
